
===========================================================================
report_checks -unconstrained
===========================================================================
======================= Typical Corner ===================================

Startpoint: rst_n (input port clocked by clk)
Endpoint: _186_ (recovery check against rising-edge clock clk)
Path Group: asynchronous
Path Type: max

Fanout     Cap    Slew   Delay    Time   Description
-----------------------------------------------------------------------------
                          0.00    0.00   clock clk (rise edge)
                          0.00    0.00   clock network delay (propagated)
                          2.00    2.00 ^ input external delay
                  0.02    0.01    2.01 ^ rst_n (in)
     1    0.00                           rst_n (net)
                  0.02    0.00    2.01 ^ input11/A (sky130_fd_sc_hd__buf_2)
                  0.22    0.23    2.24 ^ input11/X (sky130_fd_sc_hd__buf_2)
     4    0.04                           net11 (net)
                  0.22    0.01    2.25 ^ fanout32/A (sky130_fd_sc_hd__clkbuf_4)
                  0.16    0.30    2.54 ^ fanout32/X (sky130_fd_sc_hd__clkbuf_4)
    10    0.05                           net32 (net)
                  0.16    0.00    2.55 ^ _186_/SET_B (sky130_fd_sc_hd__dfstp_1)
                                  2.55   data arrival time

                         10.00   10.00   clock clk (rise edge)
                          0.00   10.00   clock source latency
                  0.18    0.12   10.12 ^ clk (in)
     1    0.04                           clk (net)
                  0.18    0.00   10.12 ^ clkbuf_0_clk/A (sky130_fd_sc_hd__clkbuf_16)
                  0.07    0.18   10.30 ^ clkbuf_0_clk/X (sky130_fd_sc_hd__clkbuf_16)
     4    0.05                           clknet_0_clk (net)
                  0.07    0.00   10.30 ^ clkbuf_2_2__f_clk/A (sky130_fd_sc_hd__clkbuf_16)
                  0.05    0.14   10.44 ^ clkbuf_2_2__f_clk/X (sky130_fd_sc_hd__clkbuf_16)
     9    0.03                           clknet_2_2__leaf_clk (net)
                  0.05    0.00   10.44 ^ _186_/CLK (sky130_fd_sc_hd__dfstp_1)
                         -0.25   10.19   clock uncertainty
                          0.00   10.19   clock reconvergence pessimism
                          0.13   10.32   library recovery time
                                 10.32   data required time
-----------------------------------------------------------------------------
                                 10.32   data required time
                                 -2.55   data arrival time
-----------------------------------------------------------------------------
                                  7.77   slack (MET)


Startpoint: data_in[0] (input port clocked by clk)
Endpoint: _193_ (rising edge-triggered flip-flop clocked by clk)
Path Group: clk
Path Type: max

Fanout     Cap    Slew   Delay    Time   Description
-----------------------------------------------------------------------------
                          0.00    0.00   clock clk (rise edge)
                          0.00    0.00   clock network delay (propagated)
                          2.00    2.00 v input external delay
                  0.01    0.00    2.00 v data_in[0] (in)
     1    0.00                           data_in[0] (net)
                  0.01    0.00    2.00 v input1/A (sky130_fd_sc_hd__buf_2)
                  0.09    0.17    2.17 v input1/X (sky130_fd_sc_hd__buf_2)
     2    0.03                           net1 (net)
                  0.09    0.01    2.18 v _100_/B (sky130_fd_sc_hd__xor2_1)
                  0.07    0.17    2.35 v _100_/X (sky130_fd_sc_hd__xor2_1)
     1    0.00                           _079_ (net)
                  0.07    0.00    2.35 v _104_/A (sky130_fd_sc_hd__or4_2)
                  0.14    0.76    3.11 v _104_/X (sky130_fd_sc_hd__or4_2)
     3    0.01                           _083_ (net)
                  0.14    0.00    3.11 v _111_/A2 (sky130_fd_sc_hd__o31a_4)
                  0.10    0.44    3.56 v _111_/X (sky130_fd_sc_hd__o31a_4)
     8    0.04                           _090_ (net)
                  0.10    0.00    3.56 v _112_/A (sky130_fd_sc_hd__buf_4)
                  0.08    0.22    3.77 v _112_/X (sky130_fd_sc_hd__buf_4)
    10    0.05                           _091_ (net)
                  0.08    0.00    3.78 v _125_/S (sky130_fd_sc_hd__mux2_1)
                  0.06    0.33    4.11 v _125_/X (sky130_fd_sc_hd__mux2_1)
     1    0.00                           _039_ (net)
                  0.06    0.00    4.11 v _126_/A (sky130_fd_sc_hd__clkbuf_1)
                  0.03    0.10    4.21 v _126_/X (sky130_fd_sc_hd__clkbuf_1)
     1    0.00                           _007_ (net)
                  0.03    0.00    4.21 v _193_/D (sky130_fd_sc_hd__dfrtp_4)
                                  4.21   data arrival time

                         10.00   10.00   clock clk (rise edge)
                          0.00   10.00   clock source latency
                  0.18    0.12   10.12 ^ clk (in)
     1    0.04                           clk (net)
                  0.18    0.00   10.12 ^ clkbuf_0_clk/A (sky130_fd_sc_hd__clkbuf_16)
                  0.07    0.18   10.30 ^ clkbuf_0_clk/X (sky130_fd_sc_hd__clkbuf_16)
     4    0.05                           clknet_0_clk (net)
                  0.07    0.00   10.30 ^ clkbuf_2_2__f_clk/A (sky130_fd_sc_hd__clkbuf_16)
                  0.05    0.14   10.44 ^ clkbuf_2_2__f_clk/X (sky130_fd_sc_hd__clkbuf_16)
     9    0.03                           clknet_2_2__leaf_clk (net)
                  0.05    0.00   10.44 ^ _193_/CLK (sky130_fd_sc_hd__dfrtp_4)
                         -0.25   10.19   clock uncertainty
                          0.00   10.19   clock reconvergence pessimism
                         -0.11   10.08   library setup time
                                 10.08   data required time
-----------------------------------------------------------------------------
                                 10.08   data required time
                                 -4.21   data arrival time
-----------------------------------------------------------------------------
                                  5.87   slack (MET)




===========================================================================
report_checks --slack_max -0.01
============================================================================
======================= Typical Corner ===================================

No paths found.


===========================================================================
 report_check_types -max_slew -max_cap -max_fanout -violators
============================================================================
======================= Typical Corner ===================================



===========================================================================
report_parasitic_annotation -report_unannotated
============================================================================
Found 0 unannotated drivers.
Found 0 partially unannotated drivers.

===========================================================================
max slew violation count 0
max fanout violation count 0
max cap violation count 0
============================================================================

===========================================================================
check_setup -verbose -unconstrained_endpoints -multiple_clock -no_clock -no_input_delay -loops -generated_clocks
===========================================================================
